<?xml version="1.0" encoding="UTF-8"?>
<!-- Generated by org.testng.reporters.JUnitXMLReporter -->
<testsuite ignored="4" hostname="RAJ-LAPTOP" failures="0" tests="3" name="TestRunner-Edge" time="67.957" errors="0" timestamp="2024-03-27T17:52:07 IST">
  <testcase classname="contactTests.CreatecontactWithLeadSourceTest" name="createcontactWithLeadSourceTest" time="11.65"/>
  <testcase classname="organizationTests.CreateOrganizationTest" name="createOrganizationTest" time="13.152"/>
  <testcase classname="contactTests.CreateContactTest" name="createContactTest" time="11.846"/>
  <testcase classname="genericUtilities.BaseClass" name="@BeforeSuite bsConfig" time="0.0">
    <ignored/>
  </testcase> <!-- @BeforeSuite bsConfig -->
  <testcase classname="genericUtilities.BaseClass" name="@BeforeSuite bsConfig" time="0.0">
    <ignored/>
  </testcase> <!-- @BeforeSuite bsConfig -->
  <testcase classname="genericUtilities.BaseClass" name="@AfterSuite asConfig" time="0.0">
    <ignored/>
  </testcase> <!-- @AfterSuite asConfig -->
  <testcase classname="genericUtilities.BaseClass" name="@AfterSuite asConfig" time="0.0">
    <ignored/>
  </testcase> <!-- @AfterSuite asConfig -->
</testsuite> <!-- TestRunner-Edge -->
