<?xml version="1.0" encoding="UTF-8"?>
<!-- Generated by org.testng.reporters.JUnitXMLReporter -->
<testsuite ignored="4" hostname="RAJ-LAPTOP" failures="1" tests="7" name="TestRunner-1" time="98.809" errors="0" timestamp="2024-03-27T17:03:20 IST">
  <testcase classname="contactTests.CreateContactWithOrganizationTest" name="createContactWithOrganizationTest" time="19.947"/>
  <testcase classname="organizationTests.CreateOrganizationWithIndustryTest" name="createOrganizationWithIndustryTest" time="13.984"/>
  <testcase classname="contactTests.CreateContactTest" name="createContactTest" time="9.688"/>
  <testcase classname="contactTests.CreateContactTest" name="demo" time="0.002">
    <skipped/>
  </testcase> <!-- demo -->
  <testcase classname="contactTests.CreateContactTest" name="demo" time="0.004">
    <skipped/>
  </testcase> <!-- demo -->
  <testcase classname="contactTests.CreateContactTest" name="demo" time="0.003">
    <skipped/>
  </testcase> <!-- demo -->
  <testcase classname="contactTests.CreateContactTest" name="demo" time="0.001">
    <failure type="java.lang.AssertionError" message="null">
      <![CDATA[java.lang.AssertionError: null
at contactTests.CreateContactTest.demo(CreateContactTest.java:68)
at java.base/java.util.ArrayList.forEach(ArrayList.java:1511)
at java.base/java.util.concurrent.FutureTask.run(FutureTask.java:264)
at java.base/java.util.concurrent.ThreadPoolExecutor.runWorker(ThreadPoolExecutor.java:1136)
at java.base/java.util.concurrent.ThreadPoolExecutor$Worker.run(ThreadPoolExecutor.java:635)
at java.base/java.lang.Thread.run(Thread.java:833)
... Removed 19 stack frames]]>
    </failure>
  </testcase> <!-- demo -->
  <testcase classname="genericUtilities.BaseClass" name="@AfterSuite asConfig" time="0.0">
    <ignored/>
  </testcase> <!-- @AfterSuite asConfig -->
  <testcase classname="genericUtilities.BaseClass" name="@BeforeSuite bsConfig" time="0.0">
    <ignored/>
  </testcase> <!-- @BeforeSuite bsConfig -->
  <testcase classname="genericUtilities.BaseClass" name="@BeforeSuite bsConfig" time="0.0">
    <ignored/>
  </testcase> <!-- @BeforeSuite bsConfig -->
  <testcase classname="genericUtilities.BaseClass" name="@AfterSuite asConfig" time="0.0">
    <ignored/>
  </testcase> <!-- @AfterSuite asConfig -->
</testsuite> <!-- TestRunner-1 -->
