<?xml version="1.0" encoding="UTF-8"?>
<!-- Generated by org.testng.reporters.JUnitXMLReporter -->
<testsuite ignored="2" hostname="RAJ-LAPTOP" failures="0" tests="3" name="TestRunner-3" time="73.737" errors="0" timestamp="2024-03-18T20:45:41 IST">
  <testcase classname="leadTests.LeadTest" name="createLeadTest" time="13.167"/>
  <testcase classname="leadTests.LeadTest" name="createLeadWithLeadSourceTest" time="12.86"/>
  <testcase classname="organizationTests.CreateOrganizationTest" name="createOrganizationTest" time="16.051"/>
  <testcase classname="genericUtilities.BaseClass" name="@AfterSuite asConfig" time="0.0">
    <ignored/>
  </testcase> <!-- @AfterSuite asConfig -->
  <testcase classname="genericUtilities.BaseClass" name="@BeforeSuite bsConfig" time="0.0">
    <ignored/>
  </testcase> <!-- @BeforeSuite bsConfig -->
</testsuite> <!-- TestRunner-3 -->
