<?xml version="1.0" encoding="UTF-8"?>
<!-- Generated by org.testng.reporters.JUnitXMLReporter -->
<testsuite ignored="4" hostname="RAJ-LAPTOP" failures="0" tests="3" name="TestRunner-2" time="69.215" errors="0" timestamp="2024-03-27T17:02:50 IST">
  <testcase classname="organizationTests.CreateOrganizationWithIndustryAndTypeTest" name="createOrgWithIndustryAndTypeTest" time="10.558"/>
  <testcase classname="contactTests.CreatecontactWithLeadSourceTest" name="createcontactWithLeadSourceTest" time="11.55"/>
  <testcase classname="organizationTests.CreateOrganizationTest" name="createOrganizationTest" time="13.101"/>
  <testcase classname="genericUtilities.BaseClass" name="@BeforeSuite bsConfig" time="0.0">
    <ignored/>
  </testcase> <!-- @BeforeSuite bsConfig -->
  <testcase classname="genericUtilities.BaseClass" name="@BeforeSuite bsConfig" time="0.0">
    <ignored/>
  </testcase> <!-- @BeforeSuite bsConfig -->
  <testcase classname="genericUtilities.BaseClass" name="@AfterSuite asConfig" time="0.0">
    <ignored/>
  </testcase> <!-- @AfterSuite asConfig -->
  <testcase classname="genericUtilities.BaseClass" name="@AfterSuite asConfig" time="0.0">
    <ignored/>
  </testcase> <!-- @AfterSuite asConfig -->
</testsuite> <!-- TestRunner-2 -->
