<?xml version="1.0" encoding="UTF-8"?>
<!-- Generated by org.testng.reporters.JUnitXMLReporter -->
<testsuite ignored="2" hostname="RAJ-LAPTOP" failures="0" tests="3" name="TestRunner-3" time="87.876" errors="0" timestamp="2024-03-20T13:04:03 IST">
  <testcase classname="leadTests.LeadTest" name="createLeadTest" time="20.691"/>
  <testcase classname="leadTests.LeadTest" name="createLeadWithLeadSourceTest" time="14.611"/>
  <testcase classname="organizationTests.CreateOrganizationTest" name="createOrganizationTest" time="16.982"/>
  <testcase classname="genericUtilities.BaseClass" name="@AfterSuite asConfig" time="0.0">
    <ignored/>
  </testcase> <!-- @AfterSuite asConfig -->
  <testcase classname="genericUtilities.BaseClass" name="@BeforeSuite bsConfig" time="0.0">
    <ignored/>
  </testcase> <!-- @BeforeSuite bsConfig -->
</testsuite> <!-- TestRunner-3 -->
