<?xml version="1.0" encoding="UTF-8"?>
<!-- Generated by org.testng.reporters.JUnitXMLReporter -->
<testsuite ignored="4" hostname="RAJ-LAPTOP" failures="0" tests="5" name="TestRunner-2" time="120.086" errors="0" timestamp="2024-03-18T20:46:27 IST">
  <testcase classname="organizationTests.CreateOrganizationWithIndustryAndTypeTest" name="createOrgWithIndustryAndTypeTest" time="14.519"/>
  <testcase classname="productTests.CreateProductTest" name="createProductTest" time="15.179"/>
  <testcase classname="productTests.CreateProductTest" name="createProductWithCategory" time="14.591"/>
  <testcase classname="productTests.CreateProductTest" name="createProductWithCategoryAndManufactr" time="11.353"/>
  <testcase classname="contactTests.CreatecontactWithLeadSourceTest" name="createcontactWithLeadSourceTest" time="12.283"/>
  <testcase classname="genericUtilities.BaseClass" name="@BeforeSuite bsConfig" time="0.0">
    <ignored/>
  </testcase> <!-- @BeforeSuite bsConfig -->
  <testcase classname="genericUtilities.BaseClass" name="@AfterSuite asConfig" time="0.0">
    <ignored/>
  </testcase> <!-- @AfterSuite asConfig -->
  <testcase classname="genericUtilities.BaseClass" name="@BeforeSuite bsConfig" time="0.0">
    <ignored/>
  </testcase> <!-- @BeforeSuite bsConfig -->
  <testcase classname="genericUtilities.BaseClass" name="@AfterSuite asConfig" time="0.0">
    <ignored/>
  </testcase> <!-- @AfterSuite asConfig -->
</testsuite> <!-- TestRunner-2 -->
