<?xml version="1.0" encoding="UTF-8"?>
<testng-results ignored="0" total="6" passed="6" failed="0" skipped="0">
  <reporter-output>
    <line>
      <![CDATA[Clicked on contacts link]]>
    </line>
    <line>
      <![CDATA[Clicked on contacts link]]>
    </line>
    <line>
      <![CDATA[Clicked on create new contact lookup image]]>
    </line>
    <line>
      <![CDATA[Clicked on create new contact lookup image]]>
    </line>
    <line>
      <![CDATA[Contact created with lead source]]>
    </line>
    <line>
      <![CDATA[Header captured]]>
    </line>
    <line>
      <![CDATA[Header validated]]>
    </line>
    <line>
      <![CDATA[Contact created with lead source]]>
    </line>
    <line>
      <![CDATA[Header captured]]>
    </line>
    <line>
      <![CDATA[Header validated]]>
    </line>
    <line>
      <![CDATA[Clicked on contacts link]]>
    </line>
    <line>
      <![CDATA[Clicked on contacts link]]>
    </line>
    <line>
      <![CDATA[Clicked on create new contact button]]>
    </line>
    <line>
      <![CDATA[Clicked on create new contact button]]>
    </line>
    <line>
      <![CDATA[Contact created]]>
    </line>
    <line>
      <![CDATA[Header captured]]>
    </line>
    <line>
      <![CDATA[Contact created]]>
    </line>
    <line>
      <![CDATA[Header captured]]>
    </line>
  </reporter-output>
  <suite started-at="2024-03-27T17:50:59 IST" name="Suite" finished-at="2024-03-27T17:52:09 IST" duration-ms="70037">
    <groups>
      <group name="RegressionSuite">
        <method signature="CreateContactTest.createContactTest()[pri:0, instance:contactTests.CreateContactTest@4681c175]" name="createContactTest" class="contactTests.CreateContactTest"/>
        <method signature="CreatecontactWithLeadSourceTest.createcontactWithLeadSourceTest()[pri:0, instance:contactTests.CreatecontactWithLeadSourceTest@1caa0244]" name="createcontactWithLeadSourceTest" class="contactTests.CreatecontactWithLeadSourceTest"/>
        <method signature="CreateOrganizationTest.createOrganizationTest()[pri:0, instance:organizationTests.CreateOrganizationTest@7ce026d3]" name="createOrganizationTest" class="organizationTests.CreateOrganizationTest"/>
        <method signature="CreateContactTest.createContactTest()[pri:0, instance:contactTests.CreateContactTest@673fdbce]" name="createContactTest" class="contactTests.CreateContactTest"/>
        <method signature="CreatecontactWithLeadSourceTest.createcontactWithLeadSourceTest()[pri:0, instance:contactTests.CreatecontactWithLeadSourceTest@5965d37]" name="createcontactWithLeadSourceTest" class="contactTests.CreatecontactWithLeadSourceTest"/>
        <method signature="CreateOrganizationTest.createOrganizationTest()[pri:0, instance:organizationTests.CreateOrganizationTest@7a5ceedd]" name="createOrganizationTest" class="organizationTests.CreateOrganizationTest"/>
      </group> <!-- RegressionSuite -->
      <group name="SmokeSuite">
        <method signature="CreatecontactWithLeadSourceTest.createcontactWithLeadSourceTest()[pri:0, instance:contactTests.CreatecontactWithLeadSourceTest@1caa0244]" name="createcontactWithLeadSourceTest" class="contactTests.CreatecontactWithLeadSourceTest"/>
        <method signature="CreatecontactWithLeadSourceTest.createcontactWithLeadSourceTest()[pri:0, instance:contactTests.CreatecontactWithLeadSourceTest@5965d37]" name="createcontactWithLeadSourceTest" class="contactTests.CreatecontactWithLeadSourceTest"/>
      </group> <!-- SmokeSuite -->
    </groups>
    <test started-at="2024-03-27T17:50:59 IST" name="TestRunner-Edge" finished-at="2024-03-27T17:52:07 IST" duration-ms="67957">
      <class name="contactTests.CreateContactTest">
        <test-method is-config="true" signature="bsConfig()[pri:0, instance:contactTests.CreateContactTest@673fdbce]" started-at="2024-03-27T17:50:59 IST" name="bsConfig" finished-at="2024-03-27T17:50:59 IST" duration-ms="17" status="PASS">
          <reporter-output>
          </reporter-output>
        </test-method> <!-- bsConfig -->
        <test-method is-config="true" signature="bcConfig(java.lang.String)[pri:0, instance:contactTests.CreateContactTest@673fdbce]" started-at="2024-03-27T17:51:45 IST" name="bcConfig" finished-at="2024-03-27T17:51:49 IST" duration-ms="3474" status="PASS">
          <params>
            <param index="0">
              <value>
                <![CDATA[edge]]>
              </value>
            </param>
          </params>
          <reporter-output>
          </reporter-output>
        </test-method> <!-- bcConfig -->
        <test-method is-config="true" signature="bmConfig()[pri:0, instance:contactTests.CreateContactTest@673fdbce]" started-at="2024-03-27T17:51:49 IST" name="bmConfig" finished-at="2024-03-27T17:51:52 IST" duration-ms="3056" status="PASS">
          <reporter-output>
          </reporter-output>
        </test-method> <!-- bmConfig -->
        <test-method signature="createContactTest()[pri:0, instance:contactTests.CreateContactTest@673fdbce]" started-at="2024-03-27T17:51:52 IST" name="createContactTest" finished-at="2024-03-27T17:52:04 IST" duration-ms="11846" status="PASS">
          <reporter-output>
            <line>
              <![CDATA[Clicked on contacts link]]>
            </line>
            <line>
              <![CDATA[Clicked on create new contact button]]>
            </line>
            <line>
              <![CDATA[Contact created]]>
            </line>
            <line>
              <![CDATA[Header captured]]>
            </line>
          </reporter-output>
        </test-method> <!-- createContactTest -->
        <test-method is-config="true" signature="amConfig()[pri:0, instance:contactTests.CreateContactTest@673fdbce]" started-at="2024-03-27T17:52:04 IST" name="amConfig" finished-at="2024-03-27T17:52:07 IST" duration-ms="3344" status="PASS">
          <reporter-output>
          </reporter-output>
        </test-method> <!-- amConfig -->
        <test-method is-config="true" signature="acConfig()[pri:0, instance:contactTests.CreateContactTest@673fdbce]" started-at="2024-03-27T17:52:07 IST" name="acConfig" finished-at="2024-03-27T17:52:07 IST" duration-ms="206" status="PASS">
          <reporter-output>
          </reporter-output>
        </test-method> <!-- acConfig -->
        <test-method is-config="true" signature="asConfig()[pri:0, instance:contactTests.CreateContactTest@673fdbce]" started-at="2024-03-27T17:52:09 IST" name="asConfig" finished-at="2024-03-27T17:52:09 IST" duration-ms="0" status="PASS">
          <reporter-output>
          </reporter-output>
        </test-method> <!-- asConfig -->
      </class> <!-- contactTests.CreateContactTest -->
      <class name="organizationTests.CreateOrganizationTest">
        <test-method is-config="true" signature="bcConfig(java.lang.String)[pri:0, instance:organizationTests.CreateOrganizationTest@7a5ceedd]" started-at="2024-03-27T17:51:22 IST" name="bcConfig" finished-at="2024-03-27T17:51:26 IST" duration-ms="3478" status="PASS">
          <params>
            <param index="0">
              <value>
                <![CDATA[edge]]>
              </value>
            </param>
          </params>
          <reporter-output>
          </reporter-output>
        </test-method> <!-- bcConfig -->
        <test-method is-config="true" signature="bmConfig()[pri:0, instance:organizationTests.CreateOrganizationTest@7a5ceedd]" started-at="2024-03-27T17:51:26 IST" name="bmConfig" finished-at="2024-03-27T17:51:29 IST" duration-ms="2895" status="PASS">
          <reporter-output>
          </reporter-output>
        </test-method> <!-- bmConfig -->
        <test-method signature="createOrganizationTest()[pri:0, instance:organizationTests.CreateOrganizationTest@7a5ceedd]" started-at="2024-03-27T17:51:29 IST" name="createOrganizationTest" finished-at="2024-03-27T17:51:42 IST" duration-ms="13152" status="PASS">
          <reporter-output>
          </reporter-output>
        </test-method> <!-- createOrganizationTest -->
        <test-method is-config="true" signature="amConfig()[pri:0, instance:organizationTests.CreateOrganizationTest@7a5ceedd]" started-at="2024-03-27T17:51:42 IST" name="amConfig" finished-at="2024-03-27T17:51:45 IST" duration-ms="3457" status="PASS">
          <reporter-output>
          </reporter-output>
        </test-method> <!-- amConfig -->
        <test-method is-config="true" signature="acConfig()[pri:0, instance:organizationTests.CreateOrganizationTest@7a5ceedd]" started-at="2024-03-27T17:51:45 IST" name="acConfig" finished-at="2024-03-27T17:51:45 IST" duration-ms="115" status="PASS">
          <reporter-output>
          </reporter-output>
        </test-method> <!-- acConfig -->
      </class> <!-- organizationTests.CreateOrganizationTest -->
      <class name="contactTests.CreatecontactWithLeadSourceTest">
        <test-method is-config="true" signature="bcConfig(java.lang.String)[pri:0, instance:contactTests.CreatecontactWithLeadSourceTest@5965d37]" started-at="2024-03-27T17:51:00 IST" name="bcConfig" finished-at="2024-03-27T17:51:04 IST" duration-ms="4515" status="PASS">
          <params>
            <param index="0">
              <value>
                <![CDATA[edge]]>
              </value>
            </param>
          </params>
          <reporter-output>
          </reporter-output>
        </test-method> <!-- bcConfig -->
        <test-method is-config="true" signature="bmConfig()[pri:0, instance:contactTests.CreatecontactWithLeadSourceTest@5965d37]" started-at="2024-03-27T17:51:04 IST" name="bmConfig" finished-at="2024-03-27T17:51:07 IST" duration-ms="2882" status="PASS">
          <reporter-output>
          </reporter-output>
        </test-method> <!-- bmConfig -->
        <test-method signature="createcontactWithLeadSourceTest()[pri:0, instance:contactTests.CreatecontactWithLeadSourceTest@5965d37]" started-at="2024-03-27T17:51:07 IST" name="createcontactWithLeadSourceTest" finished-at="2024-03-27T17:51:19 IST" duration-ms="11650" status="PASS">
          <reporter-output>
            <line>
              <![CDATA[Clicked on contacts link]]>
            </line>
            <line>
              <![CDATA[Clicked on create new contact lookup image]]>
            </line>
            <line>
              <![CDATA[Contact created with lead source]]>
            </line>
            <line>
              <![CDATA[Header captured]]>
            </line>
            <line>
              <![CDATA[Header validated]]>
            </line>
          </reporter-output>
        </test-method> <!-- createcontactWithLeadSourceTest -->
        <test-method is-config="true" signature="amConfig()[pri:0, instance:contactTests.CreatecontactWithLeadSourceTest@5965d37]" started-at="2024-03-27T17:51:19 IST" name="amConfig" finished-at="2024-03-27T17:51:22 IST" duration-ms="3382" status="PASS">
          <reporter-output>
          </reporter-output>
        </test-method> <!-- amConfig -->
        <test-method is-config="true" signature="acConfig()[pri:0, instance:contactTests.CreatecontactWithLeadSourceTest@5965d37]" started-at="2024-03-27T17:51:22 IST" name="acConfig" finished-at="2024-03-27T17:51:22 IST" duration-ms="112" status="PASS">
          <reporter-output>
          </reporter-output>
        </test-method> <!-- acConfig -->
      </class> <!-- contactTests.CreatecontactWithLeadSourceTest -->
    </test> <!-- TestRunner-Edge -->
    <test started-at="2024-03-27T17:50:59 IST" name="TestRunner-Firefox" finished-at="2024-03-27T17:52:09 IST" duration-ms="70037">
      <class name="contactTests.CreateContactTest">
        <test-method is-config="true" signature="bcConfig(java.lang.String)[pri:0, instance:contactTests.CreateContactTest@4681c175]" started-at="2024-03-27T17:51:46 IST" name="bcConfig" finished-at="2024-03-27T17:51:51 IST" duration-ms="4487" status="PASS">
          <params>
            <param index="0">
              <value>
                <![CDATA[firefox]]>
              </value>
            </param>
          </params>
          <reporter-output>
          </reporter-output>
        </test-method> <!-- bcConfig -->
        <test-method is-config="true" signature="bmConfig()[pri:0, instance:contactTests.CreateContactTest@4681c175]" started-at="2024-03-27T17:51:51 IST" name="bmConfig" finished-at="2024-03-27T17:51:54 IST" duration-ms="3244" status="PASS">
          <reporter-output>
          </reporter-output>
        </test-method> <!-- bmConfig -->
        <test-method signature="createContactTest()[pri:0, instance:contactTests.CreateContactTest@4681c175]" started-at="2024-03-27T17:51:54 IST" name="createContactTest" finished-at="2024-03-27T17:52:05 IST" duration-ms="11047" status="PASS">
          <reporter-output>
            <line>
              <![CDATA[Clicked on contacts link]]>
            </line>
            <line>
              <![CDATA[Clicked on create new contact button]]>
            </line>
            <line>
              <![CDATA[Contact created]]>
            </line>
            <line>
              <![CDATA[Header captured]]>
            </line>
          </reporter-output>
        </test-method> <!-- createContactTest -->
        <test-method is-config="true" signature="amConfig()[pri:0, instance:contactTests.CreateContactTest@4681c175]" started-at="2024-03-27T17:52:05 IST" name="amConfig" finished-at="2024-03-27T17:52:08 IST" duration-ms="3336" status="PASS">
          <reporter-output>
          </reporter-output>
        </test-method> <!-- amConfig -->
        <test-method is-config="true" signature="acConfig()[pri:0, instance:contactTests.CreateContactTest@4681c175]" started-at="2024-03-27T17:52:08 IST" name="acConfig" finished-at="2024-03-27T17:52:09 IST" duration-ms="976" status="PASS">
          <reporter-output>
          </reporter-output>
        </test-method> <!-- acConfig -->
      </class> <!-- contactTests.CreateContactTest -->
      <class name="organizationTests.CreateOrganizationTest">
        <test-method is-config="true" signature="bcConfig(java.lang.String)[pri:0, instance:organizationTests.CreateOrganizationTest@7ce026d3]" started-at="2024-03-27T17:51:23 IST" name="bcConfig" finished-at="2024-03-27T17:51:27 IST" duration-ms="4354" status="PASS">
          <params>
            <param index="0">
              <value>
                <![CDATA[firefox]]>
              </value>
            </param>
          </params>
          <reporter-output>
          </reporter-output>
        </test-method> <!-- bcConfig -->
        <test-method is-config="true" signature="bmConfig()[pri:0, instance:organizationTests.CreateOrganizationTest@7ce026d3]" started-at="2024-03-27T17:51:27 IST" name="bmConfig" finished-at="2024-03-27T17:51:30 IST" duration-ms="2949" status="PASS">
          <reporter-output>
          </reporter-output>
        </test-method> <!-- bmConfig -->
        <test-method signature="createOrganizationTest()[pri:0, instance:organizationTests.CreateOrganizationTest@7ce026d3]" started-at="2024-03-27T17:51:30 IST" name="createOrganizationTest" finished-at="2024-03-27T17:51:43 IST" duration-ms="12639" status="PASS">
          <reporter-output>
          </reporter-output>
        </test-method> <!-- createOrganizationTest -->
        <test-method is-config="true" signature="amConfig()[pri:0, instance:organizationTests.CreateOrganizationTest@7ce026d3]" started-at="2024-03-27T17:51:43 IST" name="amConfig" finished-at="2024-03-27T17:51:45 IST" duration-ms="2197" status="FAIL">
          <exception class="org.openqa.selenium.ElementNotInteractableException">
            <message>
              <![CDATA[Element <a class="drop_down_usersettings" href="index.php?module=Users&action=Logout"> could not be scrolled into view
Build info: version: '4.16.1', revision: '9b4c83354e'
System info: os.name: 'Windows 11', os.arch: 'amd64', os.version: '10.0', java.version: '17.0.6'
Driver info: org.openqa.selenium.firefox.FirefoxDriver
Command: [f3760671-870b-4965-a854-c9d238ce4636, clickElement {id=ede65dab-fe30-4318-8503-53f2aad9f9c2}]
Capabilities {acceptInsecureCerts: true, browserName: firefox, browserVersion: 124.0.1, moz:accessibilityChecks: false, moz:buildID: 20240321230221, moz:debuggerAddress: 127.0.0.1:39316, moz:geckodriverVersion: 0.34.0, moz:headless: false, moz:platformVersion: 10.0, moz:processID: 16924, moz:profile: C:\Users\hnraj\AppData\Loca..., moz:shutdownTimeout: 60000, moz:webdriverClick: true, moz:windowless: false, pageLoadStrategy: normal, platformName: windows, proxy: Proxy(), se:cdp: ws://127.0.0.1:39316/devtoo..., se:cdpVersion: 85.0, setWindowRect: true, strictFileInteractability: false, timeouts: {implicit: 0, pageLoad: 300000, script: 30000}, unhandledPromptBehavior: dismiss and notify}
Element: [[FirefoxDriver: firefox on windows (f3760671-870b-4965-a854-c9d238ce4636)] -> xpath: //a[text()='Sign Out']]
Session ID: f3760671-870b-4965-a854-c9d238ce4636]]>
            </message>
            <full-stacktrace>
              <![CDATA[org.openqa.selenium.ElementNotInteractableException: Element <a class="drop_down_usersettings" href="index.php?module=Users&action=Logout"> could not be scrolled into view
Build info: version: '4.16.1', revision: '9b4c83354e'
System info: os.name: 'Windows 11', os.arch: 'amd64', os.version: '10.0', java.version: '17.0.6'
Driver info: org.openqa.selenium.firefox.FirefoxDriver
Command: [f3760671-870b-4965-a854-c9d238ce4636, clickElement {id=ede65dab-fe30-4318-8503-53f2aad9f9c2}]
Capabilities {acceptInsecureCerts: true, browserName: firefox, browserVersion: 124.0.1, moz:accessibilityChecks: false, moz:buildID: 20240321230221, moz:debuggerAddress: 127.0.0.1:39316, moz:geckodriverVersion: 0.34.0, moz:headless: false, moz:platformVersion: 10.0, moz:processID: 16924, moz:profile: C:\Users\hnraj\AppData\Loca..., moz:shutdownTimeout: 60000, moz:webdriverClick: true, moz:windowless: false, pageLoadStrategy: normal, platformName: windows, proxy: Proxy(), se:cdp: ws://127.0.0.1:39316/devtoo..., se:cdpVersion: 85.0, setWindowRect: true, strictFileInteractability: false, timeouts: {implicit: 0, pageLoad: 300000, script: 30000}, unhandledPromptBehavior: dismiss and notify}
Element: [[FirefoxDriver: firefox on windows (f3760671-870b-4965-a854-c9d238ce4636)] -> xpath: //a[text()='Sign Out']]
Session ID: f3760671-870b-4965-a854-c9d238ce4636
at java.base/jdk.internal.reflect.NativeConstructorAccessorImpl.newInstance0(Native Method)
at java.base/jdk.internal.reflect.NativeConstructorAccessorImpl.newInstance(NativeConstructorAccessorImpl.java:77)
at java.base/jdk.internal.reflect.DelegatingConstructorAccessorImpl.newInstance(DelegatingConstructorAccessorImpl.java:45)
at java.base/java.lang.reflect.Constructor.newInstanceWithCaller(Constructor.java:499)
at java.base/java.lang.reflect.Constructor.newInstance(Constructor.java:480)
at org.openqa.selenium.remote.codec.w3c.W3CHttpResponseCodec.createException(W3CHttpResponseCodec.java:200)
at org.openqa.selenium.remote.codec.w3c.W3CHttpResponseCodec.decode(W3CHttpResponseCodec.java:133)
at org.openqa.selenium.remote.codec.w3c.W3CHttpResponseCodec.decode(W3CHttpResponseCodec.java:52)
at org.openqa.selenium.remote.HttpCommandExecutor.execute(HttpCommandExecutor.java:191)
at org.openqa.selenium.remote.service.DriverCommandExecutor.invokeExecute(DriverCommandExecutor.java:200)
at org.openqa.selenium.remote.service.DriverCommandExecutor.execute(DriverCommandExecutor.java:175)
at org.openqa.selenium.remote.RemoteWebDriver.execute(RemoteWebDriver.java:523)
at org.openqa.selenium.remote.RemoteWebElement.execute(RemoteWebElement.java:224)
at org.openqa.selenium.remote.RemoteWebElement.click(RemoteWebElement.java:77)
at jdk.internal.reflect.GeneratedMethodAccessor1.invoke(Unknown Source)
at java.base/jdk.internal.reflect.DelegatingMethodAccessorImpl.invoke(DelegatingMethodAccessorImpl.java:43)
at java.base/java.lang.reflect.Method.invoke(Method.java:568)
at org.openqa.selenium.support.pagefactory.internal.LocatingElementHandler.invoke(LocatingElementHandler.java:51)
at jdk.proxy2/jdk.proxy2.$Proxy21.click(Unknown Source)
at objectRepository.HomePage.logOut(HomePage.java:168)
at genericUtilities.BaseClass.amConfig(BaseClass.java:97)
at java.base/jdk.internal.reflect.NativeMethodAccessorImpl.invoke0(Native Method)
at java.base/jdk.internal.reflect.NativeMethodAccessorImpl.invoke(NativeMethodAccessorImpl.java:77)
at java.base/jdk.internal.reflect.DelegatingMethodAccessorImpl.invoke(DelegatingMethodAccessorImpl.java:43)
at java.base/java.lang.reflect.Method.invoke(Method.java:568)
at org.testng.internal.invokers.MethodInvocationHelper.invokeMethod(MethodInvocationHelper.java:139)
at org.testng.internal.invokers.MethodInvocationHelper.invokeMethodConsideringTimeout(MethodInvocationHelper.java:69)
at org.testng.internal.invokers.ConfigInvoker.invokeConfigurationMethod(ConfigInvoker.java:393)
at org.testng.internal.invokers.ConfigInvoker.invokeConfigurations(ConfigInvoker.java:326)
at org.testng.internal.invokers.TestInvoker.runConfigMethods(TestInvoker.java:810)
at org.testng.internal.invokers.TestInvoker.runAfterConfigurations(TestInvoker.java:779)
at org.testng.internal.invokers.TestInvoker.invokeMethod(TestInvoker.java:755)
at org.testng.internal.invokers.TestInvoker.invokeTestMethod(TestInvoker.java:228)
at org.testng.internal.invokers.MethodRunner.runInSequence(MethodRunner.java:63)
at org.testng.internal.invokers.TestInvoker$MethodInvocationAgent.invoke(TestInvoker.java:961)
at org.testng.internal.invokers.TestInvoker.invokeTestMethods(TestInvoker.java:201)
at org.testng.internal.invokers.TestMethodWorker.invokeTestMethods(TestMethodWorker.java:148)
at org.testng.internal.invokers.TestMethodWorker.run(TestMethodWorker.java:128)
at java.base/java.util.ArrayList.forEach(ArrayList.java:1511)
at org.testng.TestRunner.privateRun(TestRunner.java:819)
at org.testng.TestRunner.run(TestRunner.java:619)
at org.testng.SuiteRunner.runTest(SuiteRunner.java:443)
at org.testng.SuiteRunner$SuiteWorker.run(SuiteRunner.java:481)
at org.testng.internal.thread.ThreadUtil.lambda$execute$0(ThreadUtil.java:58)
at java.base/java.util.concurrent.FutureTask.run(FutureTask.java:264)
at java.base/java.util.concurrent.ThreadPoolExecutor.runWorker(ThreadPoolExecutor.java:1136)
at java.base/java.util.concurrent.ThreadPoolExecutor$Worker.run(ThreadPoolExecutor.java:635)
at java.base/java.lang.Thread.run(Thread.java:833)
]]>
            </full-stacktrace>
          </exception> <!-- org.openqa.selenium.ElementNotInteractableException -->
          <reporter-output>
          </reporter-output>
        </test-method> <!-- amConfig -->
        <test-method is-config="true" signature="acConfig()[pri:0, instance:organizationTests.CreateOrganizationTest@7ce026d3]" started-at="2024-03-27T17:51:45 IST" name="acConfig" finished-at="2024-03-27T17:51:46 IST" duration-ms="963" status="PASS">
          <reporter-output>
          </reporter-output>
        </test-method> <!-- acConfig -->
      </class> <!-- organizationTests.CreateOrganizationTest -->
      <class name="contactTests.CreatecontactWithLeadSourceTest">
        <test-method is-config="true" signature="bcConfig(java.lang.String)[pri:0, instance:contactTests.CreatecontactWithLeadSourceTest@1caa0244]" started-at="2024-03-27T17:51:00 IST" name="bcConfig" finished-at="2024-03-27T17:51:05 IST" duration-ms="5590" status="PASS">
          <params>
            <param index="0">
              <value>
                <![CDATA[firefox]]>
              </value>
            </param>
          </params>
          <reporter-output>
          </reporter-output>
        </test-method> <!-- bcConfig -->
        <test-method is-config="true" signature="bmConfig()[pri:0, instance:contactTests.CreatecontactWithLeadSourceTest@1caa0244]" started-at="2024-03-27T17:51:05 IST" name="bmConfig" finished-at="2024-03-27T17:51:08 IST" duration-ms="3195" status="PASS">
          <reporter-output>
          </reporter-output>
        </test-method> <!-- bmConfig -->
        <test-method signature="createcontactWithLeadSourceTest()[pri:0, instance:contactTests.CreatecontactWithLeadSourceTest@1caa0244]" started-at="2024-03-27T17:51:08 IST" name="createcontactWithLeadSourceTest" finished-at="2024-03-27T17:51:19 IST" duration-ms="10502" status="PASS">
          <reporter-output>
            <line>
              <![CDATA[Clicked on contacts link]]>
            </line>
            <line>
              <![CDATA[Clicked on create new contact lookup image]]>
            </line>
            <line>
              <![CDATA[Contact created with lead source]]>
            </line>
            <line>
              <![CDATA[Header captured]]>
            </line>
            <line>
              <![CDATA[Header validated]]>
            </line>
          </reporter-output>
        </test-method> <!-- createcontactWithLeadSourceTest -->
        <test-method is-config="true" signature="amConfig()[pri:0, instance:contactTests.CreatecontactWithLeadSourceTest@1caa0244]" started-at="2024-03-27T17:51:19 IST" name="amConfig" finished-at="2024-03-27T17:51:22 IST" duration-ms="3380" status="PASS">
          <reporter-output>
          </reporter-output>
        </test-method> <!-- amConfig -->
        <test-method is-config="true" signature="acConfig()[pri:0, instance:contactTests.CreatecontactWithLeadSourceTest@1caa0244]" started-at="2024-03-27T17:51:22 IST" name="acConfig" finished-at="2024-03-27T17:51:23 IST" duration-ms="801" status="PASS">
          <reporter-output>
          </reporter-output>
        </test-method> <!-- acConfig -->
      </class> <!-- contactTests.CreatecontactWithLeadSourceTest -->
    </test> <!-- TestRunner-Firefox -->
  </suite> <!-- Suite -->
</testng-results>
